<?xml version="1.0" encoding="UTF-8"?>
<!-- Generated by org.testng.reporters.JUnitReportReporter -->
<testsuite skipped="0" hostname="BSC-PF10PQNE" name="org.clearTrip.com.TestBooking.verifyClearTrip" tests="1" failures="0" timestamp="06 Nov 2021 10:29:00 GMT" time="5.718" errors="0">
  <testcase name="verifyClearTripPageIsLoaded" time="5.718" classname="org.clearTrip.com.TestBooking.verifyClearTrip"/>
</testsuite> <!-- org.clearTrip.com.TestBooking.verifyClearTrip -->
