<?xml version="1.0" encoding="UTF-8"?>
<!-- Generated by org.testng.reporters.JUnitReportReporter -->
<testsuite skipped="0" hostname="BSC-PF10PQNE" name="org.clearTrip.com.TestBooking.verifyIxigo" tests="1" failures="0" timestamp="06 Nov 2021 05:11:10 GMT" time="4.352" errors="0">
  <testcase name="verifyIxigoPageIsLoaded" time="4.352" classname="org.clearTrip.com.TestBooking.verifyIxigo"/>
</testsuite> <!-- org.clearTrip.com.TestBooking.verifyIxigo -->
