<?xml version="1.0" encoding="UTF-8"?>
<!-- Generated by org.testng.reporters.JUnitReportReporter -->
<testsuite skipped="0" hostname="BSC-PF10PQNE" name="org.clearTrip.com.TestBooking.MockingGeolocation" tests="1" failures="0" timestamp="12 Nov 2021 06:30:11 GMT" time="10.113" errors="0">
  <testcase name="verifyMockingGeolocation" time="10.113" classname="org.clearTrip.com.TestBooking.MockingGeolocation"/>
</testsuite> <!-- org.clearTrip.com.TestBooking.MockingGeolocation -->
