<?xml version="1.0" encoding="UTF-8"?>
<!-- Generated by org.testng.reporters.JUnitReportReporter -->
<testsuite skipped="0" hostname="BSC-PF10PQNE" name="org.clearTrip.com.TestBooking.verifyClearTrip" tests="2" failures="0" timestamp="07 Nov 2021 05:20:24 GMT" time="5.610" errors="0">
  <testcase name="verifyClearTripHomePageDefaultsValues" time="1.879" classname="org.clearTrip.com.TestBooking.verifyClearTrip"/>
  <testcase name="verifyBookingTickets" time="3.731" classname="org.clearTrip.com.TestBooking.verifyClearTrip"/>
</testsuite> <!-- org.clearTrip.com.TestBooking.verifyClearTrip -->
