<?xml version="1.0" encoding="UTF-8"?>
<!-- Generated by org.testng.reporters.JUnitReportReporter -->
<testsuite skipped="0" hostname="BSC-PF10PQNE" name="org.clearTrip.com.TestBooking.verifyClearTrip" tests="2" failures="0" timestamp="07 Nov 2021 18:43:24 GMT" time="37.436" errors="0">
  <testcase name="verifyClearTripHomePageDefaultsValues" time="1.652" classname="org.clearTrip.com.TestBooking.verifyClearTrip"/>
  <testcase name="verifyBookingTickets" time="35.784" classname="org.clearTrip.com.TestBooking.verifyClearTrip"/>
</testsuite> <!-- org.clearTrip.com.TestBooking.verifyClearTrip -->
